<?xml version="1.0" encoding="utf-8"?><testsuites><testsuite name="pytest" errors="0" failures="0" skipped="0" tests="47" time="2956.978" timestamp="2023-05-30T17:23:16.120037" hostname="5d695a32973e"><testcase classname="test.unit.utilities.test_graphs.TestKShortesst" name="test_bfm_shortest_path1" time="0.002" /><testcase classname="test.unit.utilities.test_graphs.TestKShortesst" name="test_bfm_shortest_path2" time="0.001" /><testcase classname="test.unit.utilities.test_graphs.TestKShortesst" name="test_k_shortest1" time="0.003" /><testcase classname="test.unit.utilities.test_graphs.TestKShortesst" name="test_k_shortest2" time="0.002" /><testcase classname="test.unit.utilities.test_graphs" name="test_murty_m_best1" time="0.003" /><testcase classname="test.unit.utilities.test_graphs" name="test_murty_m_best2" time="0.001" /><testcase classname="test.unit.utilities.test_graphs" name="test_murty_m_best3" time="0.001" /><testcase classname="test.unit.utilities.test_graphs" name="test_a_star1" time="0.005" /><testcase classname="test.unit.utilities.test_graphs_subroutines" name="test_assign_opt1" time="0.001" /><testcase classname="test.unit.utilities.test_graphs_subroutines" name="test_assign_opt2" time="0.001" /><testcase classname="test.unit.utilities.test_graphs_subroutines" name="test_assign_opt3" time="0.001" /><testcase classname="test.unit.utilities.test_graphs_subroutines" name="test_assign_opt4" time="0.001" /><testcase classname="test.validation.swarm_estimator.test_tracker" name="test_PHD" time="9.742" /><testcase classname="test.validation.swarm_estimator.test_tracker" name="test_PHD_spawning" time="39.336" /><testcase classname="test.validation.swarm_estimator.test_tracker" name="test_CPHD" time="19.133" /><testcase classname="test.validation.swarm_estimator.test_tracker" name="test_CPHD_spawning" time="57.849" /><testcase classname="test.validation.swarm_estimator.test_tracker" name="test_IMM_PHD" time="18.539" /><testcase classname="test.validation.swarm_estimator.test_tracker" name="test_IMM_CPHD" time="27.347" /><testcase classname="test.validation.swarm_estimator.test_tracker" name="test_GLMB" time="3.228" /><testcase classname="test.validation.swarm_estimator.test_tracker" name="test_STM_GLMB" time="11.319" /><testcase classname="test.validation.swarm_estimator.test_tracker" name="test_SMC_GLMB" time="433.133" /><testcase classname="test.validation.swarm_estimator.test_tracker" name="test_USMC_GLMB" time="73.852" /><testcase classname="test.validation.swarm_estimator.test_tracker" name="test_MCMC_USMC_GLMB" time="56.456" /><testcase classname="test.validation.swarm_estimator.test_tracker" name="test_JGLMB" time="67.114" /><testcase classname="test.validation.swarm_estimator.test_tracker" name="test_JGLMB_high_birth" time="134.789" /><testcase classname="test.validation.swarm_estimator.test_tracker" name="test_STM_JGLMB" time="81.601" /><testcase classname="test.validation.swarm_estimator.test_tracker" name="test_SMC_JGLMB" time="293.902" /><testcase classname="test.validation.swarm_estimator.test_tracker" name="test_USMC_JGLMB" time="71.387" /><testcase classname="test.validation.swarm_estimator.test_tracker" name="test_MCMC_USMC_JGLMB" time="57.579" /><testcase classname="test.validation.swarm_estimator.test_tracker" name="test_QKF_JGLMB" time="6.033" /><testcase classname="test.validation.swarm_estimator.test_tracker" name="test_SQKF_JGLMB" time="7.155" /><testcase classname="test.validation.swarm_estimator.test_tracker" name="test_UKF_JGLMB" time="2.951" /><testcase classname="test.validation.swarm_estimator.test_tracker" name="test_QKF_GSM_JGLMB" time="29.303" /><testcase classname="test.validation.swarm_estimator.test_tracker" name="test_SQKF_GSM_JGLMB" time="29.948" /><testcase classname="test.validation.swarm_estimator.test_tracker" name="test_UKF_GSM_JGLMB" time="26.242" /><testcase classname="test.validation.swarm_estimator.test_tracker" name="test_QKF_GLMB" time="5.150" /><testcase classname="test.validation.swarm_estimator.test_tracker" name="test_SQKF_GLMB" time="7.551" /><testcase classname="test.validation.swarm_estimator.test_tracker" name="test_UKF_GLMB" time="0.846" /><testcase classname="test.validation.swarm_estimator.test_tracker" name="test_QKF_GSM_GLMB" time="31.173" /><testcase classname="test.validation.swarm_estimator.test_tracker" name="test_SQKF_GSM_GLMB" time="35.460" /><testcase classname="test.validation.swarm_estimator.test_tracker" name="test_UKF_GSM_GLMB" time="27.805" /><testcase classname="test.validation.swarm_estimator.test_tracker" name="test_EKF_GSM_GLMB" time="21.375" /><testcase classname="test.validation.swarm_estimator.test_tracker" name="test_GLMB_ct_ktr" time="1.447" /><testcase classname="test.validation.swarm_estimator.test_tracker" name="test_IMM_GLMB" time="10.684" /><testcase classname="test.validation.swarm_estimator.test_tracker" name="test_IMM_JGLMB" time="107.232" /><testcase classname="test.validation.swarm_estimator.test_tracker" name="test_MS_JGLMB" time="1011.001" /><testcase classname="test.validation.swarm_estimator.test_tracker" name="test_PMBM" time="135.356" /></testsuite></testsuites>