<?xml version="1.0" encoding="utf-8"?><testsuites><testsuite name="pytest" errors="0" failures="0" skipped="0" tests="47" time="2982.843" timestamp="2023-06-02T02:28:44.248467" hostname="9178eea36374"><testcase classname="test.unit.utilities.test_graphs.TestKShortesst" name="test_bfm_shortest_path1" time="0.002" /><testcase classname="test.unit.utilities.test_graphs.TestKShortesst" name="test_bfm_shortest_path2" time="0.001" /><testcase classname="test.unit.utilities.test_graphs.TestKShortesst" name="test_k_shortest1" time="0.003" /><testcase classname="test.unit.utilities.test_graphs.TestKShortesst" name="test_k_shortest2" time="0.002" /><testcase classname="test.unit.utilities.test_graphs" name="test_murty_m_best1" time="0.002" /><testcase classname="test.unit.utilities.test_graphs" name="test_murty_m_best2" time="0.001" /><testcase classname="test.unit.utilities.test_graphs" name="test_murty_m_best3" time="0.001" /><testcase classname="test.unit.utilities.test_graphs" name="test_a_star1" time="0.004" /><testcase classname="test.unit.utilities.test_graphs_subroutines" name="test_assign_opt1" time="0.001" /><testcase classname="test.unit.utilities.test_graphs_subroutines" name="test_assign_opt2" time="0.001" /><testcase classname="test.unit.utilities.test_graphs_subroutines" name="test_assign_opt3" time="0.001" /><testcase classname="test.unit.utilities.test_graphs_subroutines" name="test_assign_opt4" time="0.001" /><testcase classname="test.validation.swarm_estimator.test_tracker" name="test_PHD" time="10.178" /><testcase classname="test.validation.swarm_estimator.test_tracker" name="test_PHD_spawning" time="42.335" /><testcase classname="test.validation.swarm_estimator.test_tracker" name="test_CPHD" time="19.976" /><testcase classname="test.validation.swarm_estimator.test_tracker" name="test_CPHD_spawning" time="60.813" /><testcase classname="test.validation.swarm_estimator.test_tracker" name="test_IMM_PHD" time="19.129" /><testcase classname="test.validation.swarm_estimator.test_tracker" name="test_IMM_CPHD" time="29.182" /><testcase classname="test.validation.swarm_estimator.test_tracker" name="test_GLMB" time="3.415" /><testcase classname="test.validation.swarm_estimator.test_tracker" name="test_STM_GLMB" time="11.424" /><testcase classname="test.validation.swarm_estimator.test_tracker" name="test_SMC_GLMB" time="440.772" /><testcase classname="test.validation.swarm_estimator.test_tracker" name="test_USMC_GLMB" time="74.886" /><testcase classname="test.validation.swarm_estimator.test_tracker" name="test_MCMC_USMC_GLMB" time="58.113" /><testcase classname="test.validation.swarm_estimator.test_tracker" name="test_JGLMB" time="65.373" /><testcase classname="test.validation.swarm_estimator.test_tracker" name="test_JGLMB_high_birth" time="132.938" /><testcase classname="test.validation.swarm_estimator.test_tracker" name="test_STM_JGLMB" time="91.894" /><testcase classname="test.validation.swarm_estimator.test_tracker" name="test_SMC_JGLMB" time="235.547" /><testcase classname="test.validation.swarm_estimator.test_tracker" name="test_USMC_JGLMB" time="72.881" /><testcase classname="test.validation.swarm_estimator.test_tracker" name="test_MCMC_USMC_JGLMB" time="58.380" /><testcase classname="test.validation.swarm_estimator.test_tracker" name="test_QKF_JGLMB" time="7.017" /><testcase classname="test.validation.swarm_estimator.test_tracker" name="test_SQKF_JGLMB" time="8.272" /><testcase classname="test.validation.swarm_estimator.test_tracker" name="test_UKF_JGLMB" time="3.153" /><testcase classname="test.validation.swarm_estimator.test_tracker" name="test_QKF_GSM_JGLMB" time="32.270" /><testcase classname="test.validation.swarm_estimator.test_tracker" name="test_SQKF_GSM_JGLMB" time="32.464" /><testcase classname="test.validation.swarm_estimator.test_tracker" name="test_UKF_GSM_JGLMB" time="28.617" /><testcase classname="test.validation.swarm_estimator.test_tracker" name="test_QKF_GLMB" time="6.077" /><testcase classname="test.validation.swarm_estimator.test_tracker" name="test_SQKF_GLMB" time="8.599" /><testcase classname="test.validation.swarm_estimator.test_tracker" name="test_UKF_GLMB" time="0.910" /><testcase classname="test.validation.swarm_estimator.test_tracker" name="test_QKF_GSM_GLMB" time="34.550" /><testcase classname="test.validation.swarm_estimator.test_tracker" name="test_SQKF_GSM_GLMB" time="36.623" /><testcase classname="test.validation.swarm_estimator.test_tracker" name="test_UKF_GSM_GLMB" time="28.548" /><testcase classname="test.validation.swarm_estimator.test_tracker" name="test_EKF_GSM_GLMB" time="22.382" /><testcase classname="test.validation.swarm_estimator.test_tracker" name="test_GLMB_ct_ktr" time="1.404" /><testcase classname="test.validation.swarm_estimator.test_tracker" name="test_IMM_GLMB" time="10.657" /><testcase classname="test.validation.swarm_estimator.test_tracker" name="test_IMM_JGLMB" time="120.346" /><testcase classname="test.validation.swarm_estimator.test_tracker" name="test_MS_JGLMB" time="1034.748" /><testcase classname="test.validation.swarm_estimator.test_tracker" name="test_PMBM" time="135.440" /></testsuite></testsuites>