<?xml version="1.0" encoding="utf-8"?><testsuites><testsuite name="pytest" errors="0" failures="0" skipped="2" tests="59" time="4604.608" timestamp="2024-09-13T15:25:37.224281+00:00" hostname="128e5becbdba"><testcase classname="test.unit.utilities.test_graphs.TestKShortesst" name="test_bfm_shortest_path1" time="0.002" /><testcase classname="test.unit.utilities.test_graphs.TestKShortesst" name="test_bfm_shortest_path2" time="0.001" /><testcase classname="test.unit.utilities.test_graphs.TestKShortesst" name="test_k_shortest1" time="0.002" /><testcase classname="test.unit.utilities.test_graphs.TestKShortesst" name="test_k_shortest2" time="0.001" /><testcase classname="test.unit.utilities.test_graphs" name="test_murty_m_best1" time="0.001" /><testcase classname="test.unit.utilities.test_graphs" name="test_murty_m_best2" time="0.001" /><testcase classname="test.unit.utilities.test_graphs" name="test_murty_m_best3" time="0.001" /><testcase classname="test.unit.utilities.test_graphs" name="test_a_star1" time="0.003" /><testcase classname="test.unit.utilities.test_graphs_subroutines" name="test_assign_opt1" time="0.001" /><testcase classname="test.unit.utilities.test_graphs_subroutines" name="test_assign_opt2" time="0.001" /><testcase classname="test.unit.utilities.test_graphs_subroutines" name="test_assign_opt3" time="0.001" /><testcase classname="test.unit.utilities.test_graphs_subroutines" name="test_assign_opt4" time="0.001" /><testcase classname="test.validation.swarm_estimator.test_tracker" name="test_PHD" time="4.598" /><testcase classname="test.validation.swarm_estimator.test_tracker" name="test_PHD_spawning" time="17.756" /><testcase classname="test.validation.swarm_estimator.test_tracker" name="test_CPHD" time="10.272" /><testcase classname="test.validation.swarm_estimator.test_tracker" name="test_CPHD_spawning" time="28.463" /><testcase classname="test.validation.swarm_estimator.test_tracker" name="test_IMM_PHD" time="8.149" /><testcase classname="test.validation.swarm_estimator.test_tracker" name="test_IMM_CPHD" time="13.472" /><testcase classname="test.validation.swarm_estimator.test_tracker" name="test_GLMB" time="3.402" /><testcase classname="test.validation.swarm_estimator.test_tracker" name="test_STM_GLMB" time="5.526" /><testcase classname="test.validation.swarm_estimator.test_tracker" name="test_SMC_GLMB" time="155.291" /><testcase classname="test.validation.swarm_estimator.test_tracker" name="test_USMC_GLMB" time="34.308" /><testcase classname="test.validation.swarm_estimator.test_tracker" name="test_MCMC_USMC_GLMB" time="25.977" /><testcase classname="test.validation.swarm_estimator.test_tracker" name="test_JGLMB" time="153.728" /><testcase classname="test.validation.swarm_estimator.test_tracker" name="test_JGLMB_high_birth" time="190.994" /><testcase classname="test.validation.swarm_estimator.test_tracker" name="test_STM_JGLMB" time="15.344" /><testcase classname="test.validation.swarm_estimator.test_tracker" name="test_SMC_JGLMB" time="224.894" /><testcase classname="test.validation.swarm_estimator.test_tracker" name="test_USMC_JGLMB" time="35.290" /><testcase classname="test.validation.swarm_estimator.test_tracker" name="test_MCMC_USMC_JGLMB" time="28.250" /><testcase classname="test.validation.swarm_estimator.test_tracker" name="test_QKF_JGLMB" time="3.219" /><testcase classname="test.validation.swarm_estimator.test_tracker" name="test_SQKF_JGLMB" time="14.141" /><testcase classname="test.validation.swarm_estimator.test_tracker" name="test_UKF_JGLMB" time="1.589" /><testcase classname="test.validation.swarm_estimator.test_tracker" name="test_QKF_GSM_JGLMB" time="14.051" /><testcase classname="test.validation.swarm_estimator.test_tracker" name="test_SQKF_GSM_JGLMB" time="23.982" /><testcase classname="test.validation.swarm_estimator.test_tracker" name="test_UKF_GSM_JGLMB" time="12.345" /><testcase classname="test.validation.swarm_estimator.test_tracker" name="test_QKF_GLMB" time="2.755" /><testcase classname="test.validation.swarm_estimator.test_tracker" name="test_SQKF_GLMB" time="15.946" /><testcase classname="test.validation.swarm_estimator.test_tracker" name="test_UKF_GLMB" time="0.451" /><testcase classname="test.validation.swarm_estimator.test_tracker" name="test_QKF_GSM_GLMB" time="15.006" /><testcase classname="test.validation.swarm_estimator.test_tracker" name="test_SQKF_GSM_GLMB" time="29.607" /><testcase classname="test.validation.swarm_estimator.test_tracker" name="test_UKF_GSM_GLMB" time="12.704" /><testcase classname="test.validation.swarm_estimator.test_tracker" name="test_EKF_GSM_GLMB" time="9.780" /><testcase classname="test.validation.swarm_estimator.test_tracker" name="test_GLMB_ct_ktr" time="0.673" /><testcase classname="test.validation.swarm_estimator.test_tracker" name="test_IMM_GLMB" time="8.622" /><testcase classname="test.validation.swarm_estimator.test_tracker" name="test_IMM_JGLMB" time="50.788" /><testcase classname="test.validation.swarm_estimator.test_tracker" name="test_MS_JGLMB" time="0.000"><skipped type="pytest.skip" message="Unresolved Errors in Data Fusion">/__w/carbs/carbs/test/validation/swarm_estimator/test_tracker.py:3679: Unresolved Errors in Data Fusion</skipped></testcase><testcase classname="test.validation.swarm_estimator.test_tracker" name="test_MS_IMM_JGLMB" time="17.330" /><testcase classname="test.validation.swarm_estimator.test_tracker" name="test_PMBM" time="5.970" /><testcase classname="test.validation.swarm_estimator.test_tracker" name="test_LPMBM" time="4.776" /><testcase classname="test.validation.swarm_estimator.test_tracker" name="test_STM_PMBM" time="2.835" /><testcase classname="test.validation.swarm_estimator.test_tracker" name="test_STM_LPMBM" time="2.839" /><testcase classname="test.validation.swarm_estimator.test_tracker" name="test_SMC_PMBM" time="699.629" /><testcase classname="test.validation.swarm_estimator.test_tracker" name="test_SMC_LPMBM" time="700.562" /><testcase classname="test.validation.swarm_estimator.test_tracker" name="test_IMM_PMBM" time="283.447" /><testcase classname="test.validation.swarm_estimator.test_tracker" name="test_IMM_LPMBM" time="280.745" /><testcase classname="test.validation.swarm_estimator.test_tracker" name="test_MS_PMBM" time="0.626" /><testcase classname="test.validation.swarm_estimator.test_tracker" name="test_MS_LPMBM" time="0.000"><skipped type="pytest.skip" message="Unresolved Errors in Data Fusion">/__w/carbs/carbs/test/validation/swarm_estimator/test_tracker.py:4673: Unresolved Errors in Data Fusion</skipped></testcase><testcase classname="test.validation.swarm_estimator.test_tracker" name="test_MS_IMM_PMBM" time="674.400" /><testcase classname="test.validation.swarm_estimator.test_tracker" name="test_MS_IMM_LPMBM" time="706.598" /></testsuite></testsuites>