<?xml version="1.0" encoding="utf-8"?><testsuites><testsuite name="pytest" errors="0" failures="0" skipped="2" tests="59" time="4482.813" timestamp="2025-01-15T05:07:24.601908+00:00" hostname="ebf02f15ee94"><testcase classname="test.unit.utilities.test_graphs.TestKShortesst" name="test_bfm_shortest_path1" time="0.001" /><testcase classname="test.unit.utilities.test_graphs.TestKShortesst" name="test_bfm_shortest_path2" time="0.001" /><testcase classname="test.unit.utilities.test_graphs.TestKShortesst" name="test_k_shortest1" time="0.002" /><testcase classname="test.unit.utilities.test_graphs.TestKShortesst" name="test_k_shortest2" time="0.001" /><testcase classname="test.unit.utilities.test_graphs" name="test_murty_m_best1" time="0.001" /><testcase classname="test.unit.utilities.test_graphs" name="test_murty_m_best2" time="0.001" /><testcase classname="test.unit.utilities.test_graphs" name="test_murty_m_best3" time="0.001" /><testcase classname="test.unit.utilities.test_graphs" name="test_a_star1" time="0.003" /><testcase classname="test.unit.utilities.test_graphs_subroutines" name="test_assign_opt1" time="0.001" /><testcase classname="test.unit.utilities.test_graphs_subroutines" name="test_assign_opt2" time="0.001" /><testcase classname="test.unit.utilities.test_graphs_subroutines" name="test_assign_opt3" time="0.001" /><testcase classname="test.unit.utilities.test_graphs_subroutines" name="test_assign_opt4" time="0.001" /><testcase classname="test.validation.swarm_estimator.test_tracker" name="test_PHD" time="4.647" /><testcase classname="test.validation.swarm_estimator.test_tracker" name="test_PHD_spawning" time="17.835" /><testcase classname="test.validation.swarm_estimator.test_tracker" name="test_CPHD" time="10.408" /><testcase classname="test.validation.swarm_estimator.test_tracker" name="test_CPHD_spawning" time="28.901" /><testcase classname="test.validation.swarm_estimator.test_tracker" name="test_IMM_PHD" time="8.157" /><testcase classname="test.validation.swarm_estimator.test_tracker" name="test_IMM_CPHD" time="13.527" /><testcase classname="test.validation.swarm_estimator.test_tracker" name="test_GLMB" time="3.396" /><testcase classname="test.validation.swarm_estimator.test_tracker" name="test_STM_GLMB" time="5.557" /><testcase classname="test.validation.swarm_estimator.test_tracker" name="test_SMC_GLMB" time="148.294" /><testcase classname="test.validation.swarm_estimator.test_tracker" name="test_USMC_GLMB" time="34.041" /><testcase classname="test.validation.swarm_estimator.test_tracker" name="test_MCMC_USMC_GLMB" time="25.822" /><testcase classname="test.validation.swarm_estimator.test_tracker" name="test_JGLMB" time="152.318" /><testcase classname="test.validation.swarm_estimator.test_tracker" name="test_JGLMB_high_birth" time="228.703" /><testcase classname="test.validation.swarm_estimator.test_tracker" name="test_STM_JGLMB" time="15.554" /><testcase classname="test.validation.swarm_estimator.test_tracker" name="test_SMC_JGLMB" time="110.554" /><testcase classname="test.validation.swarm_estimator.test_tracker" name="test_USMC_JGLMB" time="34.270" /><testcase classname="test.validation.swarm_estimator.test_tracker" name="test_MCMC_USMC_JGLMB" time="27.740" /><testcase classname="test.validation.swarm_estimator.test_tracker" name="test_QKF_JGLMB" time="3.232" /><testcase classname="test.validation.swarm_estimator.test_tracker" name="test_SQKF_JGLMB" time="9.804" /><testcase classname="test.validation.swarm_estimator.test_tracker" name="test_UKF_JGLMB" time="1.569" /><testcase classname="test.validation.swarm_estimator.test_tracker" name="test_QKF_GSM_JGLMB" time="14.400" /><testcase classname="test.validation.swarm_estimator.test_tracker" name="test_SQKF_GSM_JGLMB" time="22.328" /><testcase classname="test.validation.swarm_estimator.test_tracker" name="test_UKF_GSM_JGLMB" time="12.734" /><testcase classname="test.validation.swarm_estimator.test_tracker" name="test_QKF_GLMB" time="2.715" /><testcase classname="test.validation.swarm_estimator.test_tracker" name="test_SQKF_GLMB" time="9.977" /><testcase classname="test.validation.swarm_estimator.test_tracker" name="test_UKF_GLMB" time="0.457" /><testcase classname="test.validation.swarm_estimator.test_tracker" name="test_QKF_GSM_GLMB" time="15.184" /><testcase classname="test.validation.swarm_estimator.test_tracker" name="test_SQKF_GSM_GLMB" time="25.439" /><testcase classname="test.validation.swarm_estimator.test_tracker" name="test_UKF_GSM_GLMB" time="12.916" /><testcase classname="test.validation.swarm_estimator.test_tracker" name="test_EKF_GSM_GLMB" time="9.932" /><testcase classname="test.validation.swarm_estimator.test_tracker" name="test_GLMB_ct_ktr" time="0.682" /><testcase classname="test.validation.swarm_estimator.test_tracker" name="test_IMM_GLMB" time="8.215" /><testcase classname="test.validation.swarm_estimator.test_tracker" name="test_IMM_JGLMB" time="44.817" /><testcase classname="test.validation.swarm_estimator.test_tracker" name="test_MS_JGLMB" time="0.000"><skipped type="pytest.skip" message="Unresolved Errors in Data Fusion">/__w/carbs/carbs/test/validation/swarm_estimator/test_tracker.py:3689: Unresolved Errors in Data Fusion</skipped></testcase><testcase classname="test.validation.swarm_estimator.test_tracker" name="test_MS_IMM_JGLMB" time="16.744" /><testcase classname="test.validation.swarm_estimator.test_tracker" name="test_PMBM" time="5.808" /><testcase classname="test.validation.swarm_estimator.test_tracker" name="test_LPMBM" time="4.585" /><testcase classname="test.validation.swarm_estimator.test_tracker" name="test_STM_PMBM" time="2.734" /><testcase classname="test.validation.swarm_estimator.test_tracker" name="test_STM_LPMBM" time="2.730" /><testcase classname="test.validation.swarm_estimator.test_tracker" name="test_SMC_PMBM" time="694.990" /><testcase classname="test.validation.swarm_estimator.test_tracker" name="test_SMC_LPMBM" time="692.769" /><testcase classname="test.validation.swarm_estimator.test_tracker" name="test_IMM_PMBM" time="275.477" /><testcase classname="test.validation.swarm_estimator.test_tracker" name="test_IMM_LPMBM" time="274.993" /><testcase classname="test.validation.swarm_estimator.test_tracker" name="test_MS_PMBM" time="0.626" /><testcase classname="test.validation.swarm_estimator.test_tracker" name="test_MS_LPMBM" time="0.000"><skipped type="pytest.skip" message="Unresolved Errors in Data Fusion">/__w/carbs/carbs/test/validation/swarm_estimator/test_tracker.py:4689: Unresolved Errors in Data Fusion</skipped></testcase><testcase classname="test.validation.swarm_estimator.test_tracker" name="test_MS_IMM_PMBM" time="671.773" /><testcase classname="test.validation.swarm_estimator.test_tracker" name="test_MS_IMM_LPMBM" time="717.437" /></testsuite></testsuites>