<?xml version="1.0" encoding="utf-8"?><testsuites><testsuite name="pytest" errors="0" failures="0" skipped="2" tests="59" time="4532.759" timestamp="2024-11-11T20:28:30.262445+00:00" hostname="5b6b0e5bbc2e"><testcase classname="test.unit.utilities.test_graphs.TestKShortesst" name="test_bfm_shortest_path1" time="0.002" /><testcase classname="test.unit.utilities.test_graphs.TestKShortesst" name="test_bfm_shortest_path2" time="0.001" /><testcase classname="test.unit.utilities.test_graphs.TestKShortesst" name="test_k_shortest1" time="0.002" /><testcase classname="test.unit.utilities.test_graphs.TestKShortesst" name="test_k_shortest2" time="0.001" /><testcase classname="test.unit.utilities.test_graphs" name="test_murty_m_best1" time="0.001" /><testcase classname="test.unit.utilities.test_graphs" name="test_murty_m_best2" time="0.001" /><testcase classname="test.unit.utilities.test_graphs" name="test_murty_m_best3" time="0.001" /><testcase classname="test.unit.utilities.test_graphs" name="test_a_star1" time="0.003" /><testcase classname="test.unit.utilities.test_graphs_subroutines" name="test_assign_opt1" time="0.001" /><testcase classname="test.unit.utilities.test_graphs_subroutines" name="test_assign_opt2" time="0.001" /><testcase classname="test.unit.utilities.test_graphs_subroutines" name="test_assign_opt3" time="0.001" /><testcase classname="test.unit.utilities.test_graphs_subroutines" name="test_assign_opt4" time="0.001" /><testcase classname="test.validation.swarm_estimator.test_tracker" name="test_PHD" time="4.564" /><testcase classname="test.validation.swarm_estimator.test_tracker" name="test_PHD_spawning" time="17.738" /><testcase classname="test.validation.swarm_estimator.test_tracker" name="test_CPHD" time="10.258" /><testcase classname="test.validation.swarm_estimator.test_tracker" name="test_CPHD_spawning" time="28.723" /><testcase classname="test.validation.swarm_estimator.test_tracker" name="test_IMM_PHD" time="8.161" /><testcase classname="test.validation.swarm_estimator.test_tracker" name="test_IMM_CPHD" time="13.341" /><testcase classname="test.validation.swarm_estimator.test_tracker" name="test_GLMB" time="3.413" /><testcase classname="test.validation.swarm_estimator.test_tracker" name="test_STM_GLMB" time="5.574" /><testcase classname="test.validation.swarm_estimator.test_tracker" name="test_SMC_GLMB" time="192.108" /><testcase classname="test.validation.swarm_estimator.test_tracker" name="test_USMC_GLMB" time="34.298" /><testcase classname="test.validation.swarm_estimator.test_tracker" name="test_MCMC_USMC_GLMB" time="26.207" /><testcase classname="test.validation.swarm_estimator.test_tracker" name="test_JGLMB" time="163.777" /><testcase classname="test.validation.swarm_estimator.test_tracker" name="test_JGLMB_high_birth" time="235.512" /><testcase classname="test.validation.swarm_estimator.test_tracker" name="test_STM_JGLMB" time="14.588" /><testcase classname="test.validation.swarm_estimator.test_tracker" name="test_SMC_JGLMB" time="104.939" /><testcase classname="test.validation.swarm_estimator.test_tracker" name="test_USMC_JGLMB" time="33.751" /><testcase classname="test.validation.swarm_estimator.test_tracker" name="test_MCMC_USMC_JGLMB" time="31.557" /><testcase classname="test.validation.swarm_estimator.test_tracker" name="test_QKF_JGLMB" time="3.169" /><testcase classname="test.validation.swarm_estimator.test_tracker" name="test_SQKF_JGLMB" time="16.332" /><testcase classname="test.validation.swarm_estimator.test_tracker" name="test_UKF_JGLMB" time="1.496" /><testcase classname="test.validation.swarm_estimator.test_tracker" name="test_QKF_GSM_JGLMB" time="14.138" /><testcase classname="test.validation.swarm_estimator.test_tracker" name="test_SQKF_GSM_JGLMB" time="23.766" /><testcase classname="test.validation.swarm_estimator.test_tracker" name="test_UKF_GSM_JGLMB" time="12.388" /><testcase classname="test.validation.swarm_estimator.test_tracker" name="test_QKF_GLMB" time="2.653" /><testcase classname="test.validation.swarm_estimator.test_tracker" name="test_SQKF_GLMB" time="13.206" /><testcase classname="test.validation.swarm_estimator.test_tracker" name="test_UKF_GLMB" time="0.461" /><testcase classname="test.validation.swarm_estimator.test_tracker" name="test_QKF_GSM_GLMB" time="14.893" /><testcase classname="test.validation.swarm_estimator.test_tracker" name="test_SQKF_GSM_GLMB" time="29.079" /><testcase classname="test.validation.swarm_estimator.test_tracker" name="test_UKF_GSM_GLMB" time="12.657" /><testcase classname="test.validation.swarm_estimator.test_tracker" name="test_EKF_GSM_GLMB" time="9.595" /><testcase classname="test.validation.swarm_estimator.test_tracker" name="test_GLMB_ct_ktr" time="0.665" /><testcase classname="test.validation.swarm_estimator.test_tracker" name="test_IMM_GLMB" time="8.053" /><testcase classname="test.validation.swarm_estimator.test_tracker" name="test_IMM_JGLMB" time="44.460" /><testcase classname="test.validation.swarm_estimator.test_tracker" name="test_MS_JGLMB" time="0.000"><skipped type="pytest.skip" message="Unresolved Errors in Data Fusion">/__w/carbs/carbs/test/validation/swarm_estimator/test_tracker.py:3687: Unresolved Errors in Data Fusion</skipped></testcase><testcase classname="test.validation.swarm_estimator.test_tracker" name="test_MS_IMM_JGLMB" time="16.238" /><testcase classname="test.validation.swarm_estimator.test_tracker" name="test_PMBM" time="5.736" /><testcase classname="test.validation.swarm_estimator.test_tracker" name="test_LPMBM" time="4.551" /><testcase classname="test.validation.swarm_estimator.test_tracker" name="test_STM_PMBM" time="2.709" /><testcase classname="test.validation.swarm_estimator.test_tracker" name="test_STM_LPMBM" time="2.674" /><testcase classname="test.validation.swarm_estimator.test_tracker" name="test_SMC_PMBM" time="687.346" /><testcase classname="test.validation.swarm_estimator.test_tracker" name="test_SMC_LPMBM" time="687.896" /><testcase classname="test.validation.swarm_estimator.test_tracker" name="test_IMM_PMBM" time="278.929" /><testcase classname="test.validation.swarm_estimator.test_tracker" name="test_IMM_LPMBM" time="273.056" /><testcase classname="test.validation.swarm_estimator.test_tracker" name="test_MS_PMBM" time="0.622" /><testcase classname="test.validation.swarm_estimator.test_tracker" name="test_MS_LPMBM" time="0.000"><skipped type="pytest.skip" message="Unresolved Errors in Data Fusion">/__w/carbs/carbs/test/validation/swarm_estimator/test_tracker.py:4681: Unresolved Errors in Data Fusion</skipped></testcase><testcase classname="test.validation.swarm_estimator.test_tracker" name="test_MS_IMM_PMBM" time="669.724" /><testcase classname="test.validation.swarm_estimator.test_tracker" name="test_MS_IMM_LPMBM" time="709.450" /></testsuite></testsuites>