<?xml version="1.0" encoding="utf-8"?><testsuites><testsuite name="pytest" errors="0" failures="0" skipped="0" tests="59" time="5189.744" timestamp="2024-06-06T17:36:02.856947" hostname="b618436400b1"><testcase classname="test.unit.utilities.test_graphs.TestKShortesst" name="test_bfm_shortest_path1" time="0.001" /><testcase classname="test.unit.utilities.test_graphs.TestKShortesst" name="test_bfm_shortest_path2" time="0.001" /><testcase classname="test.unit.utilities.test_graphs.TestKShortesst" name="test_k_shortest1" time="0.002" /><testcase classname="test.unit.utilities.test_graphs.TestKShortesst" name="test_k_shortest2" time="0.001" /><testcase classname="test.unit.utilities.test_graphs" name="test_murty_m_best1" time="0.001" /><testcase classname="test.unit.utilities.test_graphs" name="test_murty_m_best2" time="0.001" /><testcase classname="test.unit.utilities.test_graphs" name="test_murty_m_best3" time="0.001" /><testcase classname="test.unit.utilities.test_graphs" name="test_a_star1" time="0.003" /><testcase classname="test.unit.utilities.test_graphs_subroutines" name="test_assign_opt1" time="0.001" /><testcase classname="test.unit.utilities.test_graphs_subroutines" name="test_assign_opt2" time="0.001" /><testcase classname="test.unit.utilities.test_graphs_subroutines" name="test_assign_opt3" time="0.001" /><testcase classname="test.unit.utilities.test_graphs_subroutines" name="test_assign_opt4" time="0.001" /><testcase classname="test.validation.swarm_estimator.test_tracker" name="test_PHD" time="6.115" /><testcase classname="test.validation.swarm_estimator.test_tracker" name="test_PHD_spawning" time="23.762" /><testcase classname="test.validation.swarm_estimator.test_tracker" name="test_CPHD" time="15.538" /><testcase classname="test.validation.swarm_estimator.test_tracker" name="test_CPHD_spawning" time="41.450" /><testcase classname="test.validation.swarm_estimator.test_tracker" name="test_IMM_PHD" time="10.878" /><testcase classname="test.validation.swarm_estimator.test_tracker" name="test_IMM_CPHD" time="20.008" /><testcase classname="test.validation.swarm_estimator.test_tracker" name="test_GLMB" time="3.472" /><testcase classname="test.validation.swarm_estimator.test_tracker" name="test_STM_GLMB" time="0.945" /><testcase classname="test.validation.swarm_estimator.test_tracker" name="test_SMC_GLMB" time="166.791" /><testcase classname="test.validation.swarm_estimator.test_tracker" name="test_USMC_GLMB" time="34.369" /><testcase classname="test.validation.swarm_estimator.test_tracker" name="test_MCMC_USMC_GLMB" time="27.059" /><testcase classname="test.validation.swarm_estimator.test_tracker" name="test_JGLMB" time="208.783" /><testcase classname="test.validation.swarm_estimator.test_tracker" name="test_JGLMB_high_birth" time="241.199" /><testcase classname="test.validation.swarm_estimator.test_tracker" name="test_STM_JGLMB" time="19.848" /><testcase classname="test.validation.swarm_estimator.test_tracker" name="test_SMC_JGLMB" time="245.860" /><testcase classname="test.validation.swarm_estimator.test_tracker" name="test_USMC_JGLMB" time="34.742" /><testcase classname="test.validation.swarm_estimator.test_tracker" name="test_MCMC_USMC_JGLMB" time="28.108" /><testcase classname="test.validation.swarm_estimator.test_tracker" name="test_QKF_JGLMB" time="3.288" /><testcase classname="test.validation.swarm_estimator.test_tracker" name="test_SQKF_JGLMB" time="10.578" /><testcase classname="test.validation.swarm_estimator.test_tracker" name="test_UKF_JGLMB" time="1.662" /><testcase classname="test.validation.swarm_estimator.test_tracker" name="test_QKF_GSM_JGLMB" time="14.400" /><testcase classname="test.validation.swarm_estimator.test_tracker" name="test_SQKF_GSM_JGLMB" time="23.721" /><testcase classname="test.validation.swarm_estimator.test_tracker" name="test_UKF_GSM_JGLMB" time="12.687" /><testcase classname="test.validation.swarm_estimator.test_tracker" name="test_QKF_GLMB" time="2.760" /><testcase classname="test.validation.swarm_estimator.test_tracker" name="test_SQKF_GLMB" time="10.516" /><testcase classname="test.validation.swarm_estimator.test_tracker" name="test_UKF_GLMB" time="0.506" /><testcase classname="test.validation.swarm_estimator.test_tracker" name="test_QKF_GSM_GLMB" time="15.283" /><testcase classname="test.validation.swarm_estimator.test_tracker" name="test_SQKF_GSM_GLMB" time="28.146" /><testcase classname="test.validation.swarm_estimator.test_tracker" name="test_UKF_GSM_GLMB" time="12.886" /><testcase classname="test.validation.swarm_estimator.test_tracker" name="test_EKF_GSM_GLMB" time="10.081" /><testcase classname="test.validation.swarm_estimator.test_tracker" name="test_GLMB_ct_ktr" time="0.815" /><testcase classname="test.validation.swarm_estimator.test_tracker" name="test_IMM_GLMB" time="14.970" /><testcase classname="test.validation.swarm_estimator.test_tracker" name="test_IMM_JGLMB" time="53.940" /><testcase classname="test.validation.swarm_estimator.test_tracker" name="test_MS_JGLMB" time="128.965" /><testcase classname="test.validation.swarm_estimator.test_tracker" name="test_MS_IMM_JGLMB" time="20.309" /><testcase classname="test.validation.swarm_estimator.test_tracker" name="test_PMBM" time="30.628" /><testcase classname="test.validation.swarm_estimator.test_tracker" name="test_LPMBM" time="29.296" /><testcase classname="test.validation.swarm_estimator.test_tracker" name="test_STM_PMBM" time="24.921" /><testcase classname="test.validation.swarm_estimator.test_tracker" name="test_STM_LPMBM" time="25.142" /><testcase classname="test.validation.swarm_estimator.test_tracker" name="test_SMC_PMBM" time="760.168" /><testcase classname="test.validation.swarm_estimator.test_tracker" name="test_SMC_LPMBM" time="759.765" /><testcase classname="test.validation.swarm_estimator.test_tracker" name="test_IMM_PMBM" time="309.471" /><testcase classname="test.validation.swarm_estimator.test_tracker" name="test_IMM_LPMBM" time="313.550" /><testcase classname="test.validation.swarm_estimator.test_tracker" name="test_MS_PMBM" time="0.927" /><testcase classname="test.validation.swarm_estimator.test_tracker" name="test_MS_LPMBM" time="0.929" /><testcase classname="test.validation.swarm_estimator.test_tracker" name="test_MS_IMM_PMBM" time="695.293" /><testcase classname="test.validation.swarm_estimator.test_tracker" name="test_MS_IMM_LPMBM" time="693.849" /></testsuite></testsuites>