<?xml version="1.0" encoding="utf-8"?><testsuites><testsuite name="pytest" errors="0" failures="0" skipped="0" tests="47" time="1841.776" timestamp="2023-06-01T14:11:37.112436" hostname="a99931156dc3"><testcase classname="test.unit.utilities.test_graphs.TestKShortesst" name="test_bfm_shortest_path1" time="0.002" /><testcase classname="test.unit.utilities.test_graphs.TestKShortesst" name="test_bfm_shortest_path2" time="0.001" /><testcase classname="test.unit.utilities.test_graphs.TestKShortesst" name="test_k_shortest1" time="0.003" /><testcase classname="test.unit.utilities.test_graphs.TestKShortesst" name="test_k_shortest2" time="0.001" /><testcase classname="test.unit.utilities.test_graphs" name="test_murty_m_best1" time="0.002" /><testcase classname="test.unit.utilities.test_graphs" name="test_murty_m_best2" time="0.001" /><testcase classname="test.unit.utilities.test_graphs" name="test_murty_m_best3" time="0.001" /><testcase classname="test.unit.utilities.test_graphs" name="test_a_star1" time="0.004" /><testcase classname="test.unit.utilities.test_graphs_subroutines" name="test_assign_opt1" time="0.001" /><testcase classname="test.unit.utilities.test_graphs_subroutines" name="test_assign_opt2" time="0.001" /><testcase classname="test.unit.utilities.test_graphs_subroutines" name="test_assign_opt3" time="0.001" /><testcase classname="test.unit.utilities.test_graphs_subroutines" name="test_assign_opt4" time="0.001" /><testcase classname="test.validation.swarm_estimator.test_tracker" name="test_PHD" time="6.909" /><testcase classname="test.validation.swarm_estimator.test_tracker" name="test_PHD_spawning" time="26.185" /><testcase classname="test.validation.swarm_estimator.test_tracker" name="test_CPHD" time="13.877" /><testcase classname="test.validation.swarm_estimator.test_tracker" name="test_CPHD_spawning" time="39.126" /><testcase classname="test.validation.swarm_estimator.test_tracker" name="test_IMM_PHD" time="12.806" /><testcase classname="test.validation.swarm_estimator.test_tracker" name="test_IMM_CPHD" time="19.667" /><testcase classname="test.validation.swarm_estimator.test_tracker" name="test_GLMB" time="2.258" /><testcase classname="test.validation.swarm_estimator.test_tracker" name="test_STM_GLMB" time="8.119" /><testcase classname="test.validation.swarm_estimator.test_tracker" name="test_SMC_GLMB" time="294.634" /><testcase classname="test.validation.swarm_estimator.test_tracker" name="test_USMC_GLMB" time="52.388" /><testcase classname="test.validation.swarm_estimator.test_tracker" name="test_MCMC_USMC_GLMB" time="39.843" /><testcase classname="test.validation.swarm_estimator.test_tracker" name="test_JGLMB" time="44.885" /><testcase classname="test.validation.swarm_estimator.test_tracker" name="test_JGLMB_high_birth" time="87.351" /><testcase classname="test.validation.swarm_estimator.test_tracker" name="test_STM_JGLMB" time="82.392" /><testcase classname="test.validation.swarm_estimator.test_tracker" name="test_SMC_JGLMB" time="153.425" /><testcase classname="test.validation.swarm_estimator.test_tracker" name="test_USMC_JGLMB" time="52.432" /><testcase classname="test.validation.swarm_estimator.test_tracker" name="test_MCMC_USMC_JGLMB" time="41.971" /><testcase classname="test.validation.swarm_estimator.test_tracker" name="test_QKF_JGLMB" time="4.602" /><testcase classname="test.validation.swarm_estimator.test_tracker" name="test_SQKF_JGLMB" time="5.843" /><testcase classname="test.validation.swarm_estimator.test_tracker" name="test_UKF_JGLMB" time="2.127" /><testcase classname="test.validation.swarm_estimator.test_tracker" name="test_QKF_GSM_JGLMB" time="21.187" /><testcase classname="test.validation.swarm_estimator.test_tracker" name="test_SQKF_GSM_JGLMB" time="23.836" /><testcase classname="test.validation.swarm_estimator.test_tracker" name="test_UKF_GSM_JGLMB" time="18.611" /><testcase classname="test.validation.swarm_estimator.test_tracker" name="test_QKF_GLMB" time="4.020" /><testcase classname="test.validation.swarm_estimator.test_tracker" name="test_SQKF_GLMB" time="6.418" /><testcase classname="test.validation.swarm_estimator.test_tracker" name="test_UKF_GLMB" time="0.684" /><testcase classname="test.validation.swarm_estimator.test_tracker" name="test_QKF_GSM_GLMB" time="22.899" /><testcase classname="test.validation.swarm_estimator.test_tracker" name="test_SQKF_GSM_GLMB" time="26.292" /><testcase classname="test.validation.swarm_estimator.test_tracker" name="test_UKF_GSM_GLMB" time="19.511" /><testcase classname="test.validation.swarm_estimator.test_tracker" name="test_EKF_GSM_GLMB" time="14.906" /><testcase classname="test.validation.swarm_estimator.test_tracker" name="test_GLMB_ct_ktr" time="1.042" /><testcase classname="test.validation.swarm_estimator.test_tracker" name="test_IMM_GLMB" time="7.978" /><testcase classname="test.validation.swarm_estimator.test_tracker" name="test_IMM_JGLMB" time="78.937" /><testcase classname="test.validation.swarm_estimator.test_tracker" name="test_MS_JGLMB" time="495.978" /><testcase classname="test.validation.swarm_estimator.test_tracker" name="test_PMBM" time="105.376" /></testsuite></testsuites>